<?xml version="1.0" encoding="UTF-8"?>
<Site BuildName="(empty)"
	BuildStamp="20241008-0313-Experimental"
	Name="(empty)"
	Generator="ctest-3.26.5"
	CompilerName=""
	CompilerVersion=""
	OSName="Linux"
	Hostname="stream"
	OSRelease="5.14.0-444.el9.x86_64"
	OSVersion="#1 SMP PREEMPT_DYNAMIC Fri Apr 26 18:25:52 UTC 2024"
	OSPlatform="x86_64"
	Is64Bits="1"
	VendorString="GenuineIntel"
	VendorID="Intel Corporation"
	FamilyID="6"
	ModelID="165"
	ProcessorCacheSize="12288"
	NumberOfLogicalCPU="6"
	NumberOfPhysicalCPU="3"
	TotalVirtualMemory="8071"
	TotalPhysicalMemory="7684"
	LogicalProcessorsPerPhysical="2"
	ProcessorClockFrequency="4288.71"
	>
	<Testing>
		<StartDateTime>Oct 08 11:13 CST</StartDateTime>
		<StartTestTime>1728357180</StartTestTime>
		<TestList/>
		<EndDateTime>Oct 08 11:13 CST</EndDateTime>
		<EndTestTime>1728357180</EndTestTime>
		<ElapsedMinutes>0</ElapsedMinutes>
	</Testing>
</Site>
